<?xml version="1.0" encoding="UTF-8"?>
<testsuite name="springbootpart3.MyApplicationTest" tests="3" skipped="0" failures="0" errors="0" timestamp="2020-05-01T17:35:42" hostname="ngwako-Inspiron-15-3567" time="5.579">
  <properties/>
  <testcase name="addUser()" classname="springbootpart3.MyApplicationTest" time="0.551"/>
  <testcase name="getUser()" classname="springbootpart3.MyApplicationTest" time="5.006"/>
  <testcase name="removeUser()" classname="springbootpart3.MyApplicationTest" time="0.015"/>
  <system-out><![CDATA[19:35:39.446 [Test worker] DEBUG org.springframework.test.context.BootstrapUtils - Instantiating CacheAwareContextLoaderDelegate from class [org.springframework.test.context.cache.DefaultCacheAwareContextLoaderDelegate]
19:35:39.460 [Test worker] DEBUG org.springframework.test.context.BootstrapUtils - Instantiating BootstrapContext using constructor [public org.springframework.test.context.support.DefaultBootstrapContext(java.lang.Class,org.springframework.test.context.CacheAwareContextLoaderDelegate)]
19:35:39.498 [Test worker] DEBUG org.springframework.test.context.BootstrapUtils - Instantiating TestContextBootstrapper for test class [springbootpart3.MyApplicationTest] from class [org.springframework.boot.test.context.SpringBootTestContextBootstrapper]
19:35:39.517 [Test worker] INFO org.springframework.boot.test.context.SpringBootTestContextBootstrapper - Neither @ContextConfiguration nor @ContextHierarchy found for test class [springbootpart3.MyApplicationTest], using SpringBootContextLoader
19:35:39.520 [Test worker] DEBUG org.springframework.test.context.support.AbstractContextLoader - Did not detect default resource location for test class [springbootpart3.MyApplicationTest]: class path resource [springbootpart3/MyApplicationTest-context.xml] does not exist
19:35:39.520 [Test worker] DEBUG org.springframework.test.context.support.AbstractContextLoader - Did not detect default resource location for test class [springbootpart3.MyApplicationTest]: class path resource [springbootpart3/MyApplicationTestContext.groovy] does not exist
19:35:39.521 [Test worker] INFO org.springframework.test.context.support.AbstractContextLoader - Could not detect default resource locations for test class [springbootpart3.MyApplicationTest]: no resource found for suffixes {-context.xml, Context.groovy}.
19:35:39.566 [Test worker] DEBUG org.springframework.test.context.support.ActiveProfilesUtils - Could not find an 'annotation declaring class' for annotation type [org.springframework.test.context.ActiveProfiles] and class [springbootpart3.MyApplicationTest]
19:35:39.672 [Test worker] DEBUG org.springframework.boot.test.context.SpringBootTestContextBootstrapper - @TestExecutionListeners is not present for class [springbootpart3.MyApplicationTest]: using defaults.
19:35:39.673 [Test worker] INFO org.springframework.boot.test.context.SpringBootTestContextBootstrapper - Loaded default TestExecutionListener class names from location [META-INF/spring.factories]: [org.springframework.boot.test.autoconfigure.restdocs.RestDocsTestExecutionListener, org.springframework.boot.test.autoconfigure.web.client.MockRestServiceServerResetTestExecutionListener, org.springframework.boot.test.autoconfigure.web.servlet.MockMvcPrintOnlyOnFailureTestExecutionListener, org.springframework.boot.test.autoconfigure.web.servlet.WebDriverTestExecutionListener, org.springframework.boot.test.mock.mockito.MockitoTestExecutionListener, org.springframework.boot.test.mock.mockito.ResetMocksTestExecutionListener, org.springframework.test.context.web.ServletTestExecutionListener, org.springframework.test.context.support.DirtiesContextBeforeModesTestExecutionListener, org.springframework.test.context.support.DependencyInjectionTestExecutionListener, org.springframework.test.context.support.DirtiesContextTestExecutionListener, org.springframework.test.context.transaction.TransactionalTestExecutionListener, org.springframework.test.context.jdbc.SqlScriptsTestExecutionListener, org.springframework.test.context.event.EventPublishingTestExecutionListener]
19:35:39.684 [Test worker] DEBUG org.springframework.boot.test.context.SpringBootTestContextBootstrapper - Skipping candidate TestExecutionListener [org.springframework.test.context.transaction.TransactionalTestExecutionListener] due to a missing dependency. Specify custom listener classes or make the default listener classes and their required dependencies available. Offending class: [org/springframework/transaction/interceptor/TransactionAttributeSource]
19:35:39.685 [Test worker] DEBUG org.springframework.boot.test.context.SpringBootTestContextBootstrapper - Skipping candidate TestExecutionListener [org.springframework.test.context.jdbc.SqlScriptsTestExecutionListener] due to a missing dependency. Specify custom listener classes or make the default listener classes and their required dependencies available. Offending class: [org/springframework/transaction/interceptor/TransactionAttribute]
19:35:39.686 [Test worker] INFO org.springframework.boot.test.context.SpringBootTestContextBootstrapper - Using TestExecutionListeners: [org.springframework.test.context.web.ServletTestExecutionListener@14b2249b, org.springframework.test.context.support.DirtiesContextBeforeModesTestExecutionListener@7c581f49, org.springframework.boot.test.mock.mockito.MockitoTestExecutionListener@624d7384, org.springframework.boot.test.autoconfigure.SpringBootDependencyInjectionTestExecutionListener@20924024, org.springframework.test.context.support.DirtiesContextTestExecutionListener@25013e51, org.springframework.test.context.event.EventPublishingTestExecutionListener@191fdfef, org.springframework.boot.test.autoconfigure.restdocs.RestDocsTestExecutionListener@10475e1b, org.springframework.boot.test.autoconfigure.web.client.MockRestServiceServerResetTestExecutionListener@22e6bf57, org.springframework.boot.test.autoconfigure.web.servlet.MockMvcPrintOnlyOnFailureTestExecutionListener@eb9eeec, org.springframework.boot.test.autoconfigure.web.servlet.WebDriverTestExecutionListener@69bea873, org.springframework.boot.test.mock.mockito.ResetMocksTestExecutionListener@43a384d9]
19:35:39.690 [Test worker] DEBUG org.springframework.test.context.support.AbstractDirtiesContextTestExecutionListener - Before test class: context [DefaultTestContext@6fb77488 testClass = MyApplicationTest, testInstance = [null], testMethod = [null], testException = [null], mergedContextConfiguration = [WebMergedContextConfiguration@5009c772 testClass = MyApplicationTest, locations = '{}', classes = '{class springbootpart3.MyApplication, class springbootpart3.MyApplication}', contextInitializerClasses = '[]', activeProfiles = '{}', propertySourceLocations = '{}', propertySourceProperties = '{org.springframework.boot.test.context.SpringBootTestContextBootstrapper=true}', contextCustomizers = set[org.springframework.boot.test.autoconfigure.properties.PropertyMappingContextCustomizer@0, org.springframework.boot.test.autoconfigure.web.servlet.WebDriverContextCustomizerFactory$Customizer@4913209a, org.springframework.boot.test.context.filter.ExcludeFilterContextCustomizer@517c7a1f, org.springframework.boot.test.json.DuplicateJsonObjectContextCustomizerFactory$DuplicateJsonObjectContextCustomizer@2025565c, org.springframework.boot.test.mock.mockito.MockitoContextCustomizer@0, org.springframework.boot.test.web.client.TestRestTemplateContextCustomizer@6f7b3f28], resourceBasePath = 'src/main/webapp', contextLoader = 'org.springframework.boot.test.context.SpringBootContextLoader', parent = [null]], attributes = map['org.springframework.test.context.web.ServletTestExecutionListener.activateListener' -> true]], class annotated with @DirtiesContext [false] with mode [null].
19:35:39.729 [Test worker] DEBUG org.springframework.test.context.support.TestPropertySourceUtils - Adding inlined properties to environment: {spring.jmx.enabled=false, org.springframework.boot.test.context.SpringBootTestContextBootstrapper=true, server.port=-1}

  .   ____          _            __ _ _
 /\\ / ___'_ __ _ _(_)_ __  __ _ \ \ \ \
( ( )\___ | '_ | '_| | '_ \/ _` | \ \ \ \
 \\/  ___)| |_)| | | | | || (_| |  ) ) ) )
  '  |____| .__|_| |_|_| |_\__, | / / / /
 =========|_|==============|___/=/_/_/_/
 :: Spring Boot ::        (v2.2.6.RELEASE)

2020-05-01 19:35:40.156  INFO 15380 --- [    Test worker] springbootpart3.MyApplicationTest        : Starting MyApplicationTest on ngwako-Inspiron-15-3567 with PID 15380 (started by ngwako in /home/ngwako/SPRING-BOOT-PART3)
2020-05-01 19:35:40.158  INFO 15380 --- [    Test worker] springbootpart3.MyApplicationTest        : No active profile set, falling back to default profiles: default
2020-05-01 19:35:41.692  INFO 15380 --- [    Test worker] o.s.s.concurrent.ThreadPoolTaskExecutor  : Initializing ExecutorService 'applicationTaskExecutor'
2020-05-01 19:35:42.009  INFO 15380 --- [    Test worker] springbootpart3.MyApplicationTest        : Started MyApplicationTest in 2.258 seconds (JVM running for 3.559)
Going to sleep for 5 Secs.. to simulate backend call.
]]></system-out>
  <system-err><![CDATA[]]></system-err>
</testsuite>
