<?xml version="1.0" encoding="UTF-8"?>
<testsuite name="springbootpart3.MyApplicationTest" tests="3" skipped="0" failures="0" errors="0" timestamp="2020-06-03T12:14:54" hostname="ngwako-Inspiron-15-3567" time="5.521">
  <properties/>
  <testcase name="addUser()" classname="springbootpart3.MyApplicationTest" time="0.492"/>
  <testcase name="getUser()" classname="springbootpart3.MyApplicationTest" time="5.008"/>
  <testcase name="removeUser()" classname="springbootpart3.MyApplicationTest" time="0.011"/>
  <system-out><![CDATA[14:14:51.329 [Test worker] DEBUG org.springframework.test.context.BootstrapUtils - Instantiating CacheAwareContextLoaderDelegate from class [org.springframework.test.context.cache.DefaultCacheAwareContextLoaderDelegate]
14:14:51.348 [Test worker] DEBUG org.springframework.test.context.BootstrapUtils - Instantiating BootstrapContext using constructor [public org.springframework.test.context.support.DefaultBootstrapContext(java.lang.Class,org.springframework.test.context.CacheAwareContextLoaderDelegate)]
14:14:51.401 [Test worker] DEBUG org.springframework.test.context.BootstrapUtils - Instantiating TestContextBootstrapper for test class [springbootpart3.MyApplicationTest] from class [org.springframework.boot.test.context.SpringBootTestContextBootstrapper]
14:14:51.444 [Test worker] INFO org.springframework.boot.test.context.SpringBootTestContextBootstrapper - Neither @ContextConfiguration nor @ContextHierarchy found for test class [springbootpart3.MyApplicationTest], using SpringBootContextLoader
14:14:51.449 [Test worker] DEBUG org.springframework.test.context.support.AbstractContextLoader - Did not detect default resource location for test class [springbootpart3.MyApplicationTest]: class path resource [springbootpart3/MyApplicationTest-context.xml] does not exist
14:14:51.450 [Test worker] DEBUG org.springframework.test.context.support.AbstractContextLoader - Did not detect default resource location for test class [springbootpart3.MyApplicationTest]: class path resource [springbootpart3/MyApplicationTestContext.groovy] does not exist
14:14:51.451 [Test worker] INFO org.springframework.test.context.support.AbstractContextLoader - Could not detect default resource locations for test class [springbootpart3.MyApplicationTest]: no resource found for suffixes {-context.xml, Context.groovy}.
14:14:51.619 [Test worker] DEBUG org.springframework.test.context.support.ActiveProfilesUtils - Could not find an 'annotation declaring class' for annotation type [org.springframework.test.context.ActiveProfiles] and class [springbootpart3.MyApplicationTest]
14:14:51.976 [Test worker] DEBUG org.springframework.boot.test.context.SpringBootTestContextBootstrapper - @TestExecutionListeners is not present for class [springbootpart3.MyApplicationTest]: using defaults.
14:14:51.977 [Test worker] INFO org.springframework.boot.test.context.SpringBootTestContextBootstrapper - Loaded default TestExecutionListener class names from location [META-INF/spring.factories]: [org.springframework.boot.test.autoconfigure.restdocs.RestDocsTestExecutionListener, org.springframework.boot.test.autoconfigure.web.client.MockRestServiceServerResetTestExecutionListener, org.springframework.boot.test.autoconfigure.web.servlet.MockMvcPrintOnlyOnFailureTestExecutionListener, org.springframework.boot.test.autoconfigure.web.servlet.WebDriverTestExecutionListener, org.springframework.boot.test.mock.mockito.MockitoTestExecutionListener, org.springframework.boot.test.mock.mockito.ResetMocksTestExecutionListener, org.springframework.test.context.web.ServletTestExecutionListener, org.springframework.test.context.support.DirtiesContextBeforeModesTestExecutionListener, org.springframework.test.context.support.DependencyInjectionTestExecutionListener, org.springframework.test.context.support.DirtiesContextTestExecutionListener, org.springframework.test.context.transaction.TransactionalTestExecutionListener, org.springframework.test.context.jdbc.SqlScriptsTestExecutionListener, org.springframework.test.context.event.EventPublishingTestExecutionListener]
14:14:51.990 [Test worker] DEBUG org.springframework.boot.test.context.SpringBootTestContextBootstrapper - Skipping candidate TestExecutionListener [org.springframework.test.context.transaction.TransactionalTestExecutionListener] due to a missing dependency. Specify custom listener classes or make the default listener classes and their required dependencies available. Offending class: [org/springframework/transaction/interceptor/TransactionAttributeSource]
14:14:51.991 [Test worker] DEBUG org.springframework.boot.test.context.SpringBootTestContextBootstrapper - Skipping candidate TestExecutionListener [org.springframework.test.context.jdbc.SqlScriptsTestExecutionListener] due to a missing dependency. Specify custom listener classes or make the default listener classes and their required dependencies available. Offending class: [org/springframework/transaction/interceptor/TransactionAttribute]
14:14:51.992 [Test worker] INFO org.springframework.boot.test.context.SpringBootTestContextBootstrapper - Using TestExecutionListeners: [org.springframework.test.context.web.ServletTestExecutionListener@2833af9, org.springframework.test.context.support.DirtiesContextBeforeModesTestExecutionListener@1cda16eb, org.springframework.boot.test.mock.mockito.MockitoTestExecutionListener@5be8a196, org.springframework.boot.test.autoconfigure.SpringBootDependencyInjectionTestExecutionListener@59bb7e4e, org.springframework.test.context.support.DirtiesContextTestExecutionListener@4274c372, org.springframework.test.context.event.EventPublishingTestExecutionListener@ed5e899, org.springframework.boot.test.autoconfigure.restdocs.RestDocsTestExecutionListener@102f0cc4, org.springframework.boot.test.autoconfigure.web.client.MockRestServiceServerResetTestExecutionListener@12645981, org.springframework.boot.test.autoconfigure.web.servlet.MockMvcPrintOnlyOnFailureTestExecutionListener@76ef77ec, org.springframework.boot.test.autoconfigure.web.servlet.WebDriverTestExecutionListener@575fc888, org.springframework.boot.test.mock.mockito.ResetMocksTestExecutionListener@3ffea78b]
14:14:51.996 [Test worker] DEBUG org.springframework.test.context.support.AbstractDirtiesContextTestExecutionListener - Before test class: context [DefaultTestContext@700faae9 testClass = MyApplicationTest, testInstance = [null], testMethod = [null], testException = [null], mergedContextConfiguration = [WebMergedContextConfiguration@35b6cf2a testClass = MyApplicationTest, locations = '{}', classes = '{class springbootpart3.MyApplication, class springbootpart3.MyApplication}', contextInitializerClasses = '[]', activeProfiles = '{}', propertySourceLocations = '{}', propertySourceProperties = '{org.springframework.boot.test.context.SpringBootTestContextBootstrapper=true}', contextCustomizers = set[org.springframework.boot.test.autoconfigure.properties.PropertyMappingContextCustomizer@0, org.springframework.boot.test.autoconfigure.web.servlet.WebDriverContextCustomizerFactory$Customizer@25ff7573, org.springframework.boot.test.context.filter.ExcludeFilterContextCustomizer@1f21b531, org.springframework.boot.test.json.DuplicateJsonObjectContextCustomizerFactory$DuplicateJsonObjectContextCustomizer@2a45727, org.springframework.boot.test.mock.mockito.MockitoContextCustomizer@0, org.springframework.boot.test.web.client.TestRestTemplateContextCustomizer@56f14853], resourceBasePath = 'src/main/webapp', contextLoader = 'org.springframework.boot.test.context.SpringBootContextLoader', parent = [null]], attributes = map['org.springframework.test.context.web.ServletTestExecutionListener.activateListener' -> true]], class annotated with @DirtiesContext [false] with mode [null].
14:14:52.060 [Test worker] DEBUG org.springframework.test.context.support.TestPropertySourceUtils - Adding inlined properties to environment: {spring.jmx.enabled=false, org.springframework.boot.test.context.SpringBootTestContextBootstrapper=true, server.port=-1}

  .   ____          _            __ _ _
 /\\ / ___'_ __ _ _(_)_ __  __ _ \ \ \ \
( ( )\___ | '_ | '_| | '_ \/ _` | \ \ \ \
 \\/  ___)| |_)| | | | | || (_| |  ) ) ) )
  '  |____| .__|_| |_|_| |_\__, | / / / /
 =========|_|==============|___/=/_/_/_/
 :: Spring Boot ::        (v2.2.6.RELEASE)

2020-06-03 14:14:52.487  INFO 9813 --- [    Test worker] springbootpart3.MyApplicationTest        : Starting MyApplicationTest on ngwako-Inspiron-15-3567 with PID 9813 (started by ngwako in /home/ngwako/SPRING-BOOT-PART3)
2020-06-03 14:14:52.489  INFO 9813 --- [    Test worker] springbootpart3.MyApplicationTest        : No active profile set, falling back to default profiles: default
2020-06-03 14:14:54.267  INFO 9813 --- [    Test worker] o.s.s.concurrent.ThreadPoolTaskExecutor  : Initializing ExecutorService 'applicationTaskExecutor'
2020-06-03 14:14:54.548  INFO 9813 --- [    Test worker] springbootpart3.MyApplicationTest        : Started MyApplicationTest in 2.466 seconds (JVM running for 4.535)
Going to sleep for 5 Secs.. to simulate backend call.
]]></system-out>
  <system-err><![CDATA[]]></system-err>
</testsuite>
